#
# There is insufficient memory for the Java Runtime Environment to continue.
# Native memory allocation (malloc) failed to allocate 1048576 bytes for AllocateHeap
# Possible reasons:
#   The system is out of physical RAM or swap space
#   In 32 bit mode, the process size limit was hit
# Possible solutions:
#   Reduce memory load on the system
#   Increase physical memory or swap space
#   Check if swap backing store is full
#   Use 64 bit Java on a 64 bit OS
#   Decrease Java heap size (-Xmx/-Xms)
#   Decrease number of Java threads
#   Decrease Java thread stack sizes (-Xss)
#   Set larger code cache with -XX:ReservedCodeCacheSize=
# This output file may be truncated or incomplete.
#
#  Out of Memory Error (memory/allocation.inline.hpp:61), pid=20460, tid=0x0000000000000490
#
# JRE version:  (8.0_191-b12) (build )
# Java VM: Java HotSpot(TM) 64-Bit Server VM (25.191-b12 mixed mode windows-amd64 compressed oops)
# Failed to write core dump. Minidumps are not enabled by default on client versions of Windows
#

---------------  T H R E A D  ---------------

Current thread (0x0000000002bce000):  JavaThread "Unknown thread" [_thread_in_vm, id=1168, stack(0x0000000002a10000,0x0000000002b10000)]

Stack: [0x0000000002a10000,0x0000000002b10000]
[error occurred during error reporting (printing stack bounds), id 0xc0000005]

Native frames: (J=compiled Java code, j=interpreted, Vv=VM code, C=native code)


---------------  P R O C E S S  ---------------

Java Threads: ( => current thread )

Other Threads:

=>0x0000000002bce000 (exited) JavaThread "Unknown thread" [_thread_in_vm, id=1168, stack(0x0000000002a10000,0x0000000002b10000)]

VM state:not at safepoint (normal execution)

VM Mutex/Monitor currently owned by a thread: None

Heap:
 PSYoungGen      total 76288K, used 1310K [0x000000076ae00000, 0x0000000770300000, 0x00000007c0000000)
  eden space 65536K, 2% used [0x000000076ae00000,0x000000076af47af0,0x000000076ee00000)
  from space 10752K, 0% used [0x000000076f880000,0x000000076f880000,0x0000000770300000)
  to   space 10752K, 0% used [0x000000076ee00000,0x000000076ee00000,0x000000076f880000)
 ParOldGen       total 175104K, used 0K [0x00000006c0a00000, 0x00000006cb500000, 0x000000076ae00000)
  object space 175104K, 0% used [0x00000006c0a00000,0x00000006c0a00000,0x00000006cb500000)
 Metaspace       used 751K, capacity 4480K, committed 4480K, reserved 1056768K
  class space    used 76K, capacity 384K, committed 384K, reserved 1048576K

Card table byte_map: [0x0000000012090000,0x0000000012890000] byte_map_base: 0x000000000ea8b000

Marking Bits: (ParMarkBitMap*) 0x00000000770c3e30
 Begin Bits: [0x00000000135f0000, 0x00000000175c8000)
 End Bits:   [0x00000000175c8000, 0x000000001b5a0000)

Polling page: 0x00000000009f0000

CodeCache: size=245760Kb used=328Kb max_used=328Kb free=245431Kb
 bounds [0x0000000002cd0000, 0x0000000002f40000, 0x0000000011cd0000]
 total_blobs=58 nmethods=0 adapters=38
 compilation: enabled

Compilation events (0 events):
No events

GC Heap History (0 events):
No events

Deoptimization events (0 events):
No events

Classes redefined (0 events):
No events

Internal exceptions (0 events):
No events

Events (10 events):
Event: 0.025 loading class java/lang/Short
Event: 0.025 loading class java/lang/Short done
Event: 0.025 loading class java/lang/Integer
Event: 0.025 loading class java/lang/Integer done
Event: 0.025 loading class java/lang/Long
Event: 0.025 loading class java/lang/Long done
Event: 0.025 loading class java/lang/NullPointerException
Event: 0.025 loading class java/lang/NullPointerException done
Event: 0.025 loading class java/lang/ArithmeticException
Event: 0.025 loading class java/lang/ArithmeticException done


Dynamic libraries:
0x00007ff7bf1b0000 - 0x00007ff7bf1e7000 	C:\Program Files\Java\jre1.8.0_191\bin\javaw.exe
0x00007ff956fa0000 - 0x00007ff957181000 	C:\Windows\SYSTEM32\ntdll.dll
0x00007ff956bc0000 - 0x00007ff956c72000 	C:\Windows\System32\KERNEL32.DLL
0x00007ff953470000 - 0x00007ff9536e3000 	C:\Windows\System32\KERNELBASE.dll
0x00007ff951330000 - 0x00007ff9513bb000 	C:\Windows\SYSTEM32\apphelp.dll
0x00007ff9559a0000 - 0x00007ff955a41000 	C:\Windows\System32\ADVAPI32.dll
0x00007ff956b20000 - 0x00007ff956bbe000 	C:\Windows\System32\msvcrt.dll
0x00007ff955a50000 - 0x00007ff955aab000 	C:\Windows\System32\sechost.dll
0x00007ff955870000 - 0x00007ff955994000 	C:\Windows\System32\RPCRT4.dll
0x00007ff956d60000 - 0x00007ff956ef0000 	C:\Windows\System32\USER32.dll
0x00007ff953c00000 - 0x00007ff953c20000 	C:\Windows\System32\win32u.dll
0x00007ff955e00000 - 0x00007ff955e28000 	C:\Windows\System32\GDI32.dll
0x00007ff953a60000 - 0x00007ff953bf2000 	C:\Windows\System32\gdi32full.dll
0x00007ff954330000 - 0x00007ff9543cf000 	C:\Windows\System32\msvcp_win.dll
0x00007ff953770000 - 0x00007ff95386a000 	C:\Windows\System32\ucrtbase.dll
0x00007ff94a790000 - 0x00007ff94a9f9000 	C:\Windows\WinSxS\amd64_microsoft.windows.common-controls_6595b64144ccf1df_6.0.17134.407_none_fb449d63306391e9\COMCTL32.dll
0x00007ff955e50000 - 0x00007ff956172000 	C:\Windows\System32\combase.dll
0x00007ff9536f0000 - 0x00007ff95376a000 	C:\Windows\System32\bcryptPrimitives.dll
0x00007ff955dd0000 - 0x00007ff955dfd000 	C:\Windows\System32\IMM32.DLL
0x0000000077240000 - 0x0000000077312000 	C:\Program Files\Java\jre1.8.0_191\bin\msvcr100.dll
0x00000000768a0000 - 0x0000000077144000 	C:\Program Files\Java\jre1.8.0_191\bin\server\jvm.dll
0x00007ff956c80000 - 0x00007ff956c88000 	C:\Windows\System32\PSAPI.DLL
0x00007ff94ef00000 - 0x00007ff94ef09000 	C:\Windows\SYSTEM32\WSOCK32.dll
0x00007ff94ddf0000 - 0x00007ff94ddfa000 	C:\Windows\SYSTEM32\VERSION.dll
0x00007ff950d00000 - 0x00007ff950d23000 	C:\Windows\SYSTEM32\WINMM.dll
0x00007ff956180000 - 0x00007ff9561ec000 	C:\Windows\System32\WS2_32.dll
0x00007ff950cd0000 - 0x00007ff950cfa000 	C:\Windows\SYSTEM32\winmmbase.dll
0x00007ff953420000 - 0x00007ff953469000 	C:\Windows\System32\cfgmgr32.dll
0x0000000050000000 - 0x000000005000f000 	C:\Program Files\Java\jre1.8.0_191\bin\verify.dll
0x00000000778a0000 - 0x00000000778c9000 	C:\Program Files\Java\jre1.8.0_191\bin\java.dll
0x0000000077880000 - 0x0000000077896000 	C:\Program Files\Java\jre1.8.0_191\bin\zip.dll

VM Arguments:
jvm_args: -Dfile.encoding=Cp1252 
java_command: application.Main
java_class_path (initial): C:\Users\tdmam\Documents\MemoryVision\bin;C:\Users\tdmam\Documents\MemoryVision\resources\fontawesomefx-8.1.jar;C:\Users\tdmam\Documents\MemoryVision\resources\jfoenix.jar;C:\Users\tdmam\Documents\MemoryVision\resources\richtextfx-fat-0.9.1.jar;C:\Users\tdmam\Documents\MemoryVision\resources\javax.json-1.0.4.jar
Launcher Type: SUN_STANDARD

Environment Variables:
PATH=C:/Program Files/Java/jre1.8.0_191/bin/server;C:/Program Files/Java/jre1.8.0_191/bin;C:/Program Files/Java/jre1.8.0_191/lib/amd64;C:\Program Files (x86)\Common Files\Oracle\Java\javapath;C:\Program Files (x86)\Intel\Intel(R) Management Engine Components\iCLS\;C:\Program Files\Intel\Intel(R) Management Engine Components\iCLS\;C:\Windows\system32;C:\Windows;C:\Windows\System32\Wbem;C:\Windows\System32\WindowsPowerShell\v1.0\;C:\Windows\System32\OpenSSH\;C:\Program Files\Java\jdk-11.0.1\bin;C:\Program Files (x86)\Intel\Intel(R) Management Engine Components\DAL;C:\Program Files\Intel\Intel(R) Management Engine Components\DAL;C:\Program Files (x86)\Intel\Intel(R) Management Engine Components\IPT;C:\Program Files\Intel\Intel(R) Management Engine Components\IPT;C:\Users\tdmam\AppData\Local\Microsoft\WindowsApps;C:\Users\tdmam\AppData\Roaming\Dashlane\6.1847.0.15309\bin\Firefox_Extension\{442718d9-475e-452a-b3e1-fb1ee16b8e9f}\components;C:\Users\tdmam\AppData\Roaming\Dashlane\6.1847.0.15309\ucrt;C:\Users\tdmam\AppData\Roaming\Dashlane\6.1847.0.15309\bin\Qt;C:\Users\tdmam\AppData\Roaming\Dashlane\6.1847.0.15309\ucrt;C:\Users\tdmam\AppData\Roaming\Dashlane\6.1847.0.15309\bin\Ssl;C:\eclipse;
USERNAME=tdmam
OS=Windows_NT
PROCESSOR_IDENTIFIER=Intel64 Family 6 Model 94 Stepping 3, GenuineIntel



---------------  S Y S T E M  ---------------

OS: Windows 10.0 , 64 bit Build 17134 (10.0.17134.1)

CPU:total 8 (initial active 8) (4 cores per cpu, 2 threads per core) family 6 model 94 stepping 3, cmov, cx8, fxsr, mmx, sse, sse2, sse3, ssse3, sse4.1, sse4.2, popcnt, avx, avx2, aes, clmul, erms, rtm, 3dnowpref, lzcnt, ht, tsc, tscinvbit, bmi1, bmi2, adx

Memory: 4k page, physical 16729696k(1995556k free), swap 32280156k(5552k free)

vm_info: Java HotSpot(TM) 64-Bit Server VM (25.191-b12) for windows-amd64 JRE (1.8.0_191-b12), built on Oct  6 2018 09:29:03 by "java_re" with MS VC++ 10.0 (VS2010)

time: Fri Nov 23 23:01:51 2018
elapsed time: 0 seconds (0d 0h 0m 0s)

